Vivado Simulator v2024.2.0
Copyright 1986-2022 Xilinx, Inc. All Rights Reserved.
Copyright 2022-2024 Advanced Micro Devices, Inc. All Rights Reserved.
Running: C:/Vivado/Vivado/2024.2/bin/unwrapped/win64.o/xelab.exe --incr --debug typical --relax --mt 2 -L xil_defaultlib -L unisims_ver -L unimacro_ver -L secureip --snapshot tb_led_ctrl_top_behav xil_defaultlib.tb_led_ctrl_top xil_defaultlib.glbl -log elaborate.log 
Using 2 slave threads.
Starting static elaboration
Pass Through NonSizing Optimizer
Completed static elaboration
Starting simulation data flow analysis
WARNING: [XSIM 43-4099] "C:/FPGA_Exp/BLE_led_ctrl/BLE_led_ctrl.srcs/sources_1/new/led_ctrl_top.v" Line 3. Module led_ctrl_top doesn't have a timescale but at least one module in design has a timescale.
WARNING: [XSIM 43-4099] "C:/FPGA_Exp/BLE_led_ctrl/BLE_led_ctrl.srcs/sources_1/new/cmd_interface.v" Line 1. Module cmd_interface doesn't have a timescale but at least one module in design has a timescale.
WARNING: [XSIM 43-4099] "C:/FPGA_Exp/BLE_led_ctrl/BLE_led_ctrl.srcs/sources_1/new/decoder.v" Line 1. Module decoder doesn't have a timescale but at least one module in design has a timescale.
WARNING: [XSIM 43-4099] "C:/FPGA_Exp/BLE_led_ctrl/BLE_led_ctrl.srcs/sources_1/new/ramp_counter.v" Line 2. Module ramp_counter doesn't have a timescale but at least one module in design has a timescale.
WARNING: [XSIM 43-4099] "C:/FPGA_Exp/BLE_led_ctrl/BLE_led_ctrl.srcs/sources_1/new/pattern_fsm.v" Line 3. Module pattern_fsm doesn't have a timescale but at least one module in design has a timescale.
WARNING: [XSIM 43-4099] "C:/FPGA_Exp/BLE_led_ctrl/BLE_led_ctrl.srcs/sources_1/new/output_control.v" Line 1. Module output_control doesn't have a timescale but at least one module in design has a timescale.
WARNING: [XSIM 43-4099] "C:/FPGA_Exp/BLE_led_ctrl/BLE_led_ctrl.srcs/sources_1/new/pwm.v" Line 1. Module pwm doesn't have a timescale but at least one module in design has a timescale.
WARNING: [XSIM 43-4099] "C:/FPGA_Exp/BLE_led_ctrl/BLE_led_ctrl.srcs/sources_1/new/led_ctrl_top.v" Line 3. Module led_ctrl_top doesn't have a timescale but at least one module in design has a timescale.
WARNING: [XSIM 43-4099] "C:/FPGA_Exp/BLE_led_ctrl/BLE_led_ctrl.srcs/sources_1/new/cmd_interface.v" Line 1. Module cmd_interface doesn't have a timescale but at least one module in design has a timescale.
WARNING: [XSIM 43-4099] "C:/FPGA_Exp/BLE_led_ctrl/BLE_led_ctrl.srcs/sources_1/new/decoder.v" Line 1. Module decoder doesn't have a timescale but at least one module in design has a timescale.
WARNING: [XSIM 43-4099] "C:/FPGA_Exp/BLE_led_ctrl/BLE_led_ctrl.srcs/sources_1/new/ramp_counter.v" Line 2. Module ramp_counter doesn't have a timescale but at least one module in design has a timescale.
WARNING: [XSIM 43-4099] "C:/FPGA_Exp/BLE_led_ctrl/BLE_led_ctrl.srcs/sources_1/new/pattern_fsm.v" Line 3. Module pattern_fsm doesn't have a timescale but at least one module in design has a timescale.
WARNING: [XSIM 43-4099] "C:/FPGA_Exp/BLE_led_ctrl/BLE_led_ctrl.srcs/sources_1/new/output_control.v" Line 1. Module output_control doesn't have a timescale but at least one module in design has a timescale.
WARNING: [XSIM 43-4099] "C:/FPGA_Exp/BLE_led_ctrl/BLE_led_ctrl.srcs/sources_1/new/pwm.v" Line 1. Module pwm doesn't have a timescale but at least one module in design has a timescale.
Completed simulation data flow analysis
Time Resolution for simulation is 1ps
Compiling module xil_defaultlib.cmd_interface
Compiling module xil_defaultlib.decoder
Compiling module xil_defaultlib.reg_file
Compiling module xil_defaultlib.timer_down
Compiling module xil_defaultlib.ramp_counter
Compiling module xil_defaultlib.pattern_fsm
Compiling module xil_defaultlib.pwm
Compiling module xil_defaultlib.output_control
Compiling module xil_defaultlib.led_ctrl_top
Compiling module xil_defaultlib.tb_led_ctrl_top
Compiling module xil_defaultlib.glbl
Built simulation snapshot tb_led_ctrl_top_behav
