INFO: [VRFC 10-2263] Analyzing Verilog file "C:/FPGA_Exp/BLE_led_ctrl/BLE_led_ctrl.srcs/sources_1/new/cmd_interface.v" into library xil_defaultlib
INFO: [VRFC 10-311] analyzing module cmd_interface
INFO: [VRFC 10-2263] Analyzing Verilog file "C:/FPGA_Exp/BLE_led_ctrl/BLE_led_ctrl.srcs/sources_1/new/decoder.v" into library xil_defaultlib
INFO: [VRFC 10-311] analyzing module decoder
INFO: [VRFC 10-2263] Analyzing Verilog file "C:/FPGA_Exp/BLE_led_ctrl/BLE_led_ctrl.srcs/sources_1/new/led_ctrl_top.v" into library xil_defaultlib
INFO: [VRFC 10-311] analyzing module led_ctrl_top
INFO: [VRFC 10-2263] Analyzing Verilog file "C:/FPGA_Exp/BLE_led_ctrl/BLE_led_ctrl.srcs/sources_1/new/output_control.v" into library xil_defaultlib
INFO: [VRFC 10-311] analyzing module output_control
INFO: [VRFC 10-2263] Analyzing Verilog file "C:/FPGA_Exp/BLE_led_ctrl/BLE_led_ctrl.srcs/sources_1/new/pattern_fsm.v" into library xil_defaultlib
INFO: [VRFC 10-311] analyzing module pattern_fsm
INFO: [VRFC 10-2263] Analyzing Verilog file "C:/FPGA_Exp/BLE_led_ctrl/BLE_led_ctrl.srcs/sources_1/new/pwm.v" into library xil_defaultlib
INFO: [VRFC 10-311] analyzing module pwm
INFO: [VRFC 10-2263] Analyzing Verilog file "C:/FPGA_Exp/BLE_led_ctrl/BLE_led_ctrl.srcs/sources_1/new/ramp_counter.v" into library xil_defaultlib
INFO: [VRFC 10-311] analyzing module ramp_counter
INFO: [VRFC 10-2263] Analyzing Verilog file "C:/FPGA_Exp/BLE_led_ctrl/BLE_led_ctrl.srcs/sources_1/new/reg_file.v" into library xil_defaultlib
INFO: [VRFC 10-311] analyzing module reg_file
INFO: [VRFC 10-2263] Analyzing Verilog file "C:/FPGA_Exp/BLE_led_ctrl/BLE_led_ctrl.srcs/sources_1/new/timer_down.v" into library xil_defaultlib
INFO: [VRFC 10-311] analyzing module timer_down
INFO: [VRFC 10-2263] Analyzing Verilog file "C:/FPGA_Exp/BLE_led_ctrl/BLE_led_ctrl.srcs/sim_1/new/tb_led_ctrl.v" into library xil_defaultlib
INFO: [VRFC 10-311] analyzing module tb_led_ctrl_top
WARNING: [VRFC 10-8497] literal value 'd120 truncated to fit in 6 bits [C:/FPGA_Exp/BLE_led_ctrl/BLE_led_ctrl.srcs/sim_1/new/tb_led_ctrl.v:107]
WARNING: [VRFC 10-8497] literal value 'd100 truncated to fit in 6 bits [C:/FPGA_Exp/BLE_led_ctrl/BLE_led_ctrl.srcs/sim_1/new/tb_led_ctrl.v:122]
