Copyright 1986-2022 Xilinx, Inc. All Rights Reserved. Copyright 2022-2024 Advanced Micro Devices, Inc. All Rights Reserved.
--------------------------------------------------------------------------------------------------------------------------------------------------------------------------
| Tool Version : Vivado v.2024.2 (win64) Build 5239630 Fri Nov 08 22:35:27 MST 2024
| Date         : Tue Apr 21 02:24:28 2026
| Host         : DESKTOP-FSG1MRQ running 64-bit major release  (build 9200)
| Command      : report_methodology -file led_ctrl_top_methodology_drc_routed.rpt -pb led_ctrl_top_methodology_drc_routed.pb -rpx led_ctrl_top_methodology_drc_routed.rpx
| Design       : led_ctrl_top
| Device       : xc7a100tcsg324-1
| Speed File   : -1
| Design State : Fully Routed
--------------------------------------------------------------------------------------------------------------------------------------------------------------------------

Report Methodology

Table of Contents
-----------------
1. REPORT SUMMARY
2. REPORT DETAILS

1. REPORT SUMMARY
-----------------
            Netlist: netlist
          Floorplan: design_1
      Design limits: <entire design considered>
             Max checks: <unlimited>
             Checks found: 21
+-----------+----------+-------------------------------+--------+
| Rule      | Severity | Description                   | Checks |
+-----------+----------+-------------------------------+--------+
| TIMING-18 | Warning  | Missing input or output delay | 21     |
+-----------+----------+-------------------------------+--------+

2. REPORT DETAILS
-----------------
TIMING-18#1 Warning
Missing input or output delay  
An input delay is missing on rst_n relative to the rising and/or falling clock edge(s) of clk_100MHz.
Related violations: <none>

TIMING-18#2 Warning
Missing input or output delay  
An input delay is missing on stack_data[0] relative to the rising and/or falling clock edge(s) of clk_100MHz.
Related violations: <none>

TIMING-18#3 Warning
Missing input or output delay  
An input delay is missing on stack_data[10] relative to the rising and/or falling clock edge(s) of clk_100MHz.
Related violations: <none>

TIMING-18#4 Warning
Missing input or output delay  
An input delay is missing on stack_data[11] relative to the rising and/or falling clock edge(s) of clk_100MHz.
Related violations: <none>

TIMING-18#5 Warning
Missing input or output delay  
An input delay is missing on stack_data[12] relative to the rising and/or falling clock edge(s) of clk_100MHz.
Related violations: <none>

TIMING-18#6 Warning
Missing input or output delay  
An input delay is missing on stack_data[13] relative to the rising and/or falling clock edge(s) of clk_100MHz.
Related violations: <none>

TIMING-18#7 Warning
Missing input or output delay  
An input delay is missing on stack_data[14] relative to the rising and/or falling clock edge(s) of clk_100MHz.
Related violations: <none>

TIMING-18#8 Warning
Missing input or output delay  
An input delay is missing on stack_data[15] relative to the rising and/or falling clock edge(s) of clk_100MHz.
Related violations: <none>

TIMING-18#9 Warning
Missing input or output delay  
An input delay is missing on stack_data[1] relative to the rising and/or falling clock edge(s) of clk_100MHz.
Related violations: <none>

TIMING-18#10 Warning
Missing input or output delay  
An input delay is missing on stack_data[2] relative to the rising and/or falling clock edge(s) of clk_100MHz.
Related violations: <none>

TIMING-18#11 Warning
Missing input or output delay  
An input delay is missing on stack_data[3] relative to the rising and/or falling clock edge(s) of clk_100MHz.
Related violations: <none>

TIMING-18#12 Warning
Missing input or output delay  
An input delay is missing on stack_data[4] relative to the rising and/or falling clock edge(s) of clk_100MHz.
Related violations: <none>

TIMING-18#13 Warning
Missing input or output delay  
An input delay is missing on stack_data[5] relative to the rising and/or falling clock edge(s) of clk_100MHz.
Related violations: <none>

TIMING-18#14 Warning
Missing input or output delay  
An input delay is missing on stack_data[6] relative to the rising and/or falling clock edge(s) of clk_100MHz.
Related violations: <none>

TIMING-18#15 Warning
Missing input or output delay  
An input delay is missing on stack_data[7] relative to the rising and/or falling clock edge(s) of clk_100MHz.
Related violations: <none>

TIMING-18#16 Warning
Missing input or output delay  
An input delay is missing on stack_data[8] relative to the rising and/or falling clock edge(s) of clk_100MHz.
Related violations: <none>

TIMING-18#17 Warning
Missing input or output delay  
An input delay is missing on stack_data[9] relative to the rising and/or falling clock edge(s) of clk_100MHz.
Related violations: <none>

TIMING-18#18 Warning
Missing input or output delay  
An input delay is missing on stack_valid relative to the rising and/or falling clock edge(s) of clk_100MHz.
Related violations: <none>

TIMING-18#19 Warning
Missing input or output delay  
An output delay is missing on led_out[0] relative to the rising and/or falling clock edge(s) of clk_100MHz.
Related violations: <none>

TIMING-18#20 Warning
Missing input or output delay  
An output delay is missing on led_out[1] relative to the rising and/or falling clock edge(s) of clk_100MHz.
Related violations: <none>

TIMING-18#21 Warning
Missing input or output delay  
An output delay is missing on led_out[2] relative to the rising and/or falling clock edge(s) of clk_100MHz.
Related violations: <none>


