Copyright 1986-2022 Xilinx, Inc. All Rights Reserved. Copyright 2022-2024 Advanced Micro Devices, Inc. All Rights Reserved.
---------------------------------------------------------------------------------------------------------------------------------------------
| Tool Version : Vivado v.2024.2 (win64) Build 5239630 Fri Nov 08 22:35:27 MST 2024
| Date         : Tue Apr 21 02:22:09 2026
| Host         : DESKTOP-FSG1MRQ running 64-bit major release  (build 9200)
| Command      : report_control_sets -verbose -file led_ctrl_top_control_sets_placed.rpt
| Design       : led_ctrl_top
| Device       : xc7a100t
---------------------------------------------------------------------------------------------------------------------------------------------

Control Set Information

Table of Contents
-----------------
1. Summary
2. Histogram
3. Flip-Flop Distribution
4. Detailed Control Set Information

1. Summary
----------

+----------------------------------------------------------+-------+
|                          Status                          | Count |
+----------------------------------------------------------+-------+
| Total control sets                                       |     8 |
|    Minimum number of control sets                        |     8 |
|    Addition due to synthesis replication                 |     0 |
|    Addition due to physical synthesis replication        |     0 |
| Unused register locations in slices containing registers |    20 |
+----------------------------------------------------------+-------+
* Control sets can be merged at opt_design using control_set_merge or merge_equivalent_drivers
** Run report_qor_suggestions for automated merging and remapping suggestions


2. Histogram
------------

+--------------------+-------+
|       Fanout       | Count |
+--------------------+-------+
| Total control sets |     8 |
| >= 0 to < 4        |     1 |
| >= 4 to < 6        |     2 |
| >= 6 to < 8        |     2 |
| >= 8 to < 10       |     1 |
| >= 10 to < 12      |     0 |
| >= 12 to < 14      |     0 |
| >= 14 to < 16      |     2 |
| >= 16              |     0 |
+--------------------+-------+
* Control sets can be remapped at either synth_design or opt_design


3. Flip-Flop Distribution
-------------------------

+--------------+-----------------------+------------------------+-----------------+--------------+
| Clock Enable | Synchronous Set/Reset | Asynchronous Set/Reset | Total Registers | Total Slices |
+--------------+-----------------------+------------------------+-----------------+--------------+
| No           | No                    | No                     |               0 |            0 |
| No           | No                    | Yes                    |               8 |            4 |
| No           | Yes                   | No                     |               0 |            0 |
| Yes          | No                    | No                     |               0 |            0 |
| Yes          | No                    | Yes                    |              52 |           20 |
| Yes          | Yes                   | No                     |               0 |            0 |
+--------------+-----------------------+------------------------+-----------------+--------------+


4. Detailed Control Set Information
-----------------------------------

+----------------+-------------------------------------+------------------+------------------+----------------+--------------+
|  Clock Signal  |            Enable Signal            | Set/Reset Signal | Slice Load Count | Bel Load Count | Bels / Slice |
+----------------+-------------------------------------+------------------+------------------+----------------+--------------+
|  clk_IBUF_BUFG | u_cmd_if/full_i_1_n_0               | u_cmd_if/rst_n   |                1 |              1 |         1.00 |
|  clk_IBUF_BUFG | u_fsm/E[0]                          | u_cmd_if/rst_n   |                1 |              4 |         4.00 |
|  clk_IBUF_BUFG | u_ramp/FSM_onehot_state_q_reg[3][0] | u_cmd_if/rst_n   |                3 |              5 |         1.67 |
|  clk_IBUF_BUFG | u_duration_timer/count_q[5]_i_1_n_0 | u_cmd_if/rst_n   |                2 |              6 |         3.00 |
|  clk_IBUF_BUFG | u_phase_timer/count_q[5]_i_1__0_n_0 | u_cmd_if/rst_n   |                2 |              6 |         3.00 |
|  clk_IBUF_BUFG |                                     | u_cmd_if/rst_n   |                4 |              8 |         2.00 |
|  clk_IBUF_BUFG | stack_valid_IBUF                    | u_cmd_if/rst_n   |                6 |             15 |         2.50 |
|  clk_IBUF_BUFG | u_cmd_if/cmd_valid                  | u_cmd_if/rst_n   |                5 |             15 |         3.00 |
+----------------+-------------------------------------+------------------+------------------+----------------+--------------+


