Copyright 1986-2022 Xilinx, Inc. All Rights Reserved. Copyright 2022-2024 Advanced Micro Devices, Inc. All Rights Reserved.
---------------------------------------------------------------------------------------------------------------------------------------------------------------------------------------------------------------------------------
| Tool Version : Vivado v.2024.2 (win64) Build 5239630 Fri Nov 08 22:35:27 MST 2024
| Date         : Thu Apr 23 20:04:15 2026
| Host         : DESKTOP-FSG1MRQ running 64-bit major release  (build 9200)
| Command      : report_timing_summary -max_paths 10 -report_unconstrained -file led_ctrl_top_timing_summary_routed.rpt -pb led_ctrl_top_timing_summary_routed.pb -rpx led_ctrl_top_timing_summary_routed.rpx -warn_on_violation
| Design       : led_ctrl_top
| Device       : 7a100t-csg324
| Speed File   : -1  PRODUCTION 1.23 2018-06-13
| Design State : Routed
---------------------------------------------------------------------------------------------------------------------------------------------------------------------------------------------------------------------------------

Timing Summary Report

------------------------------------------------------------------------------------------------
| Timer Settings
| --------------
------------------------------------------------------------------------------------------------

  Enable Multi Corner Analysis               :  Yes
  Enable Pessimism Removal                   :  Yes
  Pessimism Removal Resolution               :  Nearest Common Node
  Enable Input Delay Default Clock           :  No
  Enable Preset / Clear Arcs                 :  No
  Disable Flight Delays                      :  No
  Ignore I/O Paths                           :  No
  Timing Early Launch at Borrowing Latches   :  No
  Borrow Time for Max Delay Exceptions       :  Yes
  Merge Timing Exceptions                    :  Yes
  Inter-SLR Compensation                     :  Conservative

  Corner  Analyze    Analyze    
  Name    Max Paths  Min Paths  
  ------  ---------  ---------  
  Slow    Yes        Yes        
  Fast    Yes        Yes        


------------------------------------------------------------------------------------------------
| Report Methodology
| ------------------
------------------------------------------------------------------------------------------------

Rule       Severity          Description                  Violations  
---------  ----------------  ---------------------------  ----------  
TIMING-17  Critical Warning  Non-clocked sequential cell  107         

Note: This report is based on the most recent report_methodology run and may not be up-to-date. Run report_methodology on the current design for the latest report.



check_timing report

Table of Contents
-----------------
1. checking no_clock (107)
2. checking constant_clock (0)
3. checking pulse_width_clock (0)
4. checking unconstrained_internal_endpoints (288)
5. checking no_input_delay (10)
6. checking no_output_delay (3)
7. checking multiple_clock (0)
8. checking generated_clocks (0)
9. checking loops (0)
10. checking partial_input_delay (0)
11. checking partial_output_delay (0)
12. checking latch_loops (0)

1. checking no_clock (107)
--------------------------
 There are 107 register/latch pins with no clock driven by root clock pin: clk (HIGH)


2. checking constant_clock (0)
------------------------------
 There are 0 register/latch pins with constant_clock.


3. checking pulse_width_clock (0)
---------------------------------
 There are 0 register/latch pins which need pulse_width check


4. checking unconstrained_internal_endpoints (288)
--------------------------------------------------
 There are 288 pins that are not constrained for maximum delay. (HIGH)

 There are 0 pins that are not constrained for maximum delay due to constant clock.


5. checking no_input_delay (10)
-------------------------------
 There are 10 input ports with no input delay specified. (HIGH)

 There are 0 input ports with no input delay but user has a false path constraint.


6. checking no_output_delay (3)
-------------------------------
 There are 3 ports with no output delay specified. (HIGH)

 There are 0 ports with no output delay but user has a false path constraint

 There are 0 ports with no output delay but with a timing clock defined on it or propagating through it


7. checking multiple_clock (0)
------------------------------
 There are 0 register/latch pins with multiple clocks.


8. checking generated_clocks (0)
--------------------------------
 There are 0 generated clocks that are not connected to a clock source.


9. checking loops (0)
---------------------
 There are 0 combinational loops in the design.


10. checking partial_input_delay (0)
------------------------------------
 There are 0 input ports with partial input delay specified.


11. checking partial_output_delay (0)
-------------------------------------
 There are 0 ports with partial output delay specified.


12. checking latch_loops (0)
----------------------------
 There are 0 combinational latch loops in the design through latch input



------------------------------------------------------------------------------------------------
| Design Timing Summary
| ---------------------
------------------------------------------------------------------------------------------------

    WNS(ns)      TNS(ns)  TNS Failing Endpoints  TNS Total Endpoints      WHS(ns)      THS(ns)  THS Failing Endpoints  THS Total Endpoints     WPWS(ns)     TPWS(ns)  TPWS Failing Endpoints  TPWS Total Endpoints  
    -------      -------  ---------------------  -------------------      -------      -------  ---------------------  -------------------     --------     --------  ----------------------  --------------------  
        inf        0.000                      0                  291          inf        0.000                      0                  291           NA           NA                      NA                    NA  


There are no user specified timing constraints.


------------------------------------------------------------------------------------------------
| Clock Summary
| -------------
------------------------------------------------------------------------------------------------


------------------------------------------------------------------------------------------------
| Intra Clock Table
| -----------------
------------------------------------------------------------------------------------------------

Clock             WNS(ns)      TNS(ns)  TNS Failing Endpoints  TNS Total Endpoints      WHS(ns)      THS(ns)  THS Failing Endpoints  THS Total Endpoints     WPWS(ns)     TPWS(ns)  TPWS Failing Endpoints  TPWS Total Endpoints  
-----             -------      -------  ---------------------  -------------------      -------      -------  ---------------------  -------------------     --------     --------  ----------------------  --------------------  


------------------------------------------------------------------------------------------------
| Inter Clock Table
| -----------------
------------------------------------------------------------------------------------------------

From Clock    To Clock          WNS(ns)      TNS(ns)  TNS Failing Endpoints  TNS Total Endpoints      WHS(ns)      THS(ns)  THS Failing Endpoints  THS Total Endpoints  
----------    --------          -------      -------  ---------------------  -------------------      -------      -------  ---------------------  -------------------  


------------------------------------------------------------------------------------------------
| Other Path Groups Table
| -----------------------
------------------------------------------------------------------------------------------------

Path Group    From Clock    To Clock          WNS(ns)      TNS(ns)  TNS Failing Endpoints  TNS Total Endpoints      WHS(ns)      THS(ns)  THS Failing Endpoints  THS Total Endpoints  
----------    ----------    --------          -------      -------  ---------------------  -------------------      -------      -------  ---------------------  -------------------  


------------------------------------------------------------------------------------------------
| User Ignored Path Table
| -----------------------
------------------------------------------------------------------------------------------------

Path Group    From Clock    To Clock    
----------    ----------    --------    


------------------------------------------------------------------------------------------------
| Unconstrained Path Table
| ------------------------
------------------------------------------------------------------------------------------------

Path Group    From Clock    To Clock    
----------    ----------    --------    
(none)                                    


------------------------------------------------------------------------------------------------
| Timing Details
| --------------
------------------------------------------------------------------------------------------------


--------------------------------------------------------------------------------------
Path Group:  (none)
From Clock:  
  To Clock:  

Max Delay           291 Endpoints
Min Delay           291 Endpoints
--------------------------------------------------------------------------------------


Max Delay Paths
--------------------------------------------------------------------------------------
Slack:                    inf
  Source:                 u_fsm/FSM_onehot_state_q_reg[4]/C
                            (rising edge-triggered cell FDCE)
  Destination:            led_out[0]
                            (output port)
  Path Group:             (none)
  Path Type:              Max at Slow Process Corner
  Data Path Delay:        9.110ns  (logic 4.624ns (50.758%)  route 4.486ns (49.241%))
  Logic Levels:           4  (FDCE=1 LUT2=1 LUT6=1 OBUF=1)

    Location             Delay type                Incr(ns)  Path(ns)    Netlist Resource(s)
  -------------------------------------------------------------------    -------------------
    SLICE_X86Y69         FDCE                         0.000     0.000 r  u_fsm/FSM_onehot_state_q_reg[4]/C
    SLICE_X86Y69         FDCE (Prop_fdce_C_Q)         0.419     0.419 r  u_fsm/FSM_onehot_state_q_reg[4]/Q
                         net (fo=12, routed)          0.891     1.310    u_fsm/FSM_onehot_state_q_reg[4]_0[3]
    SLICE_X88Y68         LUT2 (Prop_lut2_I0_O)        0.325     1.635 f  u_fsm/led_out_OBUF[2]_inst_i_5/O
                         net (fo=4, routed)           1.296     2.931    u_fsm/FSM_onehot_state_q_reg[4]_1
    SLICE_X88Y67         LUT6 (Prop_lut6_I4_O)        0.328     3.259 r  u_fsm/led_out_OBUF[2]_inst_i_1/O
                         net (fo=3, routed)           2.299     5.558    led_out_OBUF[0]
    T8                   OBUF (Prop_obuf_I_O)         3.552     9.110 r  led_out_OBUF[0]_inst/O
                         net (fo=0)                   0.000     9.110    led_out[0]
    T8                                                                r  led_out[0] (OUT)
  -------------------------------------------------------------------    -------------------

Slack:                    inf
  Source:                 u_fsm/FSM_onehot_state_q_reg[4]/C
                            (rising edge-triggered cell FDCE)
  Destination:            led_out[2]
                            (output port)
  Path Group:             (none)
  Path Type:              Max at Slow Process Corner
  Data Path Delay:        9.099ns  (logic 4.616ns (50.729%)  route 4.483ns (49.271%))
  Logic Levels:           4  (FDCE=1 LUT2=1 LUT6=1 OBUF=1)

    Location             Delay type                Incr(ns)  Path(ns)    Netlist Resource(s)
  -------------------------------------------------------------------    -------------------
    SLICE_X86Y69         FDCE                         0.000     0.000 r  u_fsm/FSM_onehot_state_q_reg[4]/C
    SLICE_X86Y69         FDCE (Prop_fdce_C_Q)         0.419     0.419 r  u_fsm/FSM_onehot_state_q_reg[4]/Q
                         net (fo=12, routed)          0.891     1.310    u_fsm/FSM_onehot_state_q_reg[4]_0[3]
    SLICE_X88Y68         LUT2 (Prop_lut2_I0_O)        0.325     1.635 f  u_fsm/led_out_OBUF[2]_inst_i_5/O
                         net (fo=4, routed)           1.296     2.931    u_fsm/FSM_onehot_state_q_reg[4]_1
    SLICE_X88Y67         LUT6 (Prop_lut6_I4_O)        0.328     3.259 r  u_fsm/led_out_OBUF[2]_inst_i_1/O
                         net (fo=3, routed)           2.296     5.555    led_out_OBUF[0]
    R8                   OBUF (Prop_obuf_I_O)         3.544     9.099 r  led_out_OBUF[2]_inst/O
                         net (fo=0)                   0.000     9.099    led_out[2]
    R8                                                                r  led_out[2] (OUT)
  -------------------------------------------------------------------    -------------------

Slack:                    inf
  Source:                 u_fsm/FSM_onehot_state_q_reg[4]/C
                            (rising edge-triggered cell FDCE)
  Destination:            led_out[1]
                            (output port)
  Path Group:             (none)
  Path Type:              Max at Slow Process Corner
  Data Path Delay:        8.765ns  (logic 4.639ns (52.927%)  route 4.126ns (47.073%))
  Logic Levels:           4  (FDCE=1 LUT2=1 LUT6=1 OBUF=1)

    Location             Delay type                Incr(ns)  Path(ns)    Netlist Resource(s)
  -------------------------------------------------------------------    -------------------
    SLICE_X86Y69         FDCE                         0.000     0.000 r  u_fsm/FSM_onehot_state_q_reg[4]/C
    SLICE_X86Y69         FDCE (Prop_fdce_C_Q)         0.419     0.419 r  u_fsm/FSM_onehot_state_q_reg[4]/Q
                         net (fo=12, routed)          0.891     1.310    u_fsm/FSM_onehot_state_q_reg[4]_0[3]
    SLICE_X88Y68         LUT2 (Prop_lut2_I0_O)        0.325     1.635 f  u_fsm/led_out_OBUF[2]_inst_i_5/O
                         net (fo=4, routed)           1.296     2.931    u_fsm/FSM_onehot_state_q_reg[4]_1
    SLICE_X88Y67         LUT6 (Prop_lut6_I4_O)        0.328     3.259 r  u_fsm/led_out_OBUF[2]_inst_i_1/O
                         net (fo=3, routed)           1.939     5.198    led_out_OBUF[0]
    V9                   OBUF (Prop_obuf_I_O)         3.567     8.765 r  led_out_OBUF[1]_inst/O
                         net (fo=0)                   0.000     8.765    led_out[1]
    V9                                                                r  led_out[1] (OUT)
  -------------------------------------------------------------------    -------------------

Slack:                    inf
  Source:                 rst_n
                            (input port)
  Destination:            clk_div_reg[17]/CLR
  Path Group:             (none)
  Path Type:              Max at Slow Process Corner
  Data Path Delay:        6.325ns  (logic 1.606ns (25.393%)  route 4.719ns (74.607%))
  Logic Levels:           2  (IBUF=1 LUT1=1)

    Location             Delay type                Incr(ns)  Path(ns)    Netlist Resource(s)
  -------------------------------------------------------------------    -------------------
    U8                                                0.000     0.000 r  rst_n (IN)
                         net (fo=0)                   0.000     0.000    rst_n
    U8                   IBUF (Prop_ibuf_I_O)         1.482     1.482 r  rst_n_IBUF_inst/O
                         net (fo=1, routed)           1.147     2.629    u_duration_timer/rst_n_IBUF
    SLICE_X89Y51         LUT1 (Prop_lut1_I0_O)        0.124     2.753 f  u_duration_timer/count_q[23]_i_3__0/O
                         net (fo=107, routed)         3.572     6.325    u_duration_timer_n_1
    SLICE_X82Y78         FDCE                                         f  clk_div_reg[17]/CLR
  -------------------------------------------------------------------    -------------------

Slack:                    inf
  Source:                 rst_n
                            (input port)
  Destination:            clk_div_reg[18]/CLR
  Path Group:             (none)
  Path Type:              Max at Slow Process Corner
  Data Path Delay:        6.325ns  (logic 1.606ns (25.393%)  route 4.719ns (74.607%))
  Logic Levels:           2  (IBUF=1 LUT1=1)

    Location             Delay type                Incr(ns)  Path(ns)    Netlist Resource(s)
  -------------------------------------------------------------------    -------------------
    U8                                                0.000     0.000 r  rst_n (IN)
                         net (fo=0)                   0.000     0.000    rst_n
    U8                   IBUF (Prop_ibuf_I_O)         1.482     1.482 r  rst_n_IBUF_inst/O
                         net (fo=1, routed)           1.147     2.629    u_duration_timer/rst_n_IBUF
    SLICE_X89Y51         LUT1 (Prop_lut1_I0_O)        0.124     2.753 f  u_duration_timer/count_q[23]_i_3__0/O
                         net (fo=107, routed)         3.572     6.325    u_duration_timer_n_1
    SLICE_X82Y78         FDCE                                         f  clk_div_reg[18]/CLR
  -------------------------------------------------------------------    -------------------

Slack:                    inf
  Source:                 rst_n
                            (input port)
  Destination:            clk_div_reg[19]/CLR
  Path Group:             (none)
  Path Type:              Max at Slow Process Corner
  Data Path Delay:        6.325ns  (logic 1.606ns (25.393%)  route 4.719ns (74.607%))
  Logic Levels:           2  (IBUF=1 LUT1=1)

    Location             Delay type                Incr(ns)  Path(ns)    Netlist Resource(s)
  -------------------------------------------------------------------    -------------------
    U8                                                0.000     0.000 r  rst_n (IN)
                         net (fo=0)                   0.000     0.000    rst_n
    U8                   IBUF (Prop_ibuf_I_O)         1.482     1.482 r  rst_n_IBUF_inst/O
                         net (fo=1, routed)           1.147     2.629    u_duration_timer/rst_n_IBUF
    SLICE_X89Y51         LUT1 (Prop_lut1_I0_O)        0.124     2.753 f  u_duration_timer/count_q[23]_i_3__0/O
                         net (fo=107, routed)         3.572     6.325    u_duration_timer_n_1
    SLICE_X82Y78         FDCE                                         f  clk_div_reg[19]/CLR
  -------------------------------------------------------------------    -------------------

Slack:                    inf
  Source:                 rst_n
                            (input port)
  Destination:            clk_div_reg[20]/CLR
  Path Group:             (none)
  Path Type:              Max at Slow Process Corner
  Data Path Delay:        6.325ns  (logic 1.606ns (25.393%)  route 4.719ns (74.607%))
  Logic Levels:           2  (IBUF=1 LUT1=1)

    Location             Delay type                Incr(ns)  Path(ns)    Netlist Resource(s)
  -------------------------------------------------------------------    -------------------
    U8                                                0.000     0.000 r  rst_n (IN)
                         net (fo=0)                   0.000     0.000    rst_n
    U8                   IBUF (Prop_ibuf_I_O)         1.482     1.482 r  rst_n_IBUF_inst/O
                         net (fo=1, routed)           1.147     2.629    u_duration_timer/rst_n_IBUF
    SLICE_X89Y51         LUT1 (Prop_lut1_I0_O)        0.124     2.753 f  u_duration_timer/count_q[23]_i_3__0/O
                         net (fo=107, routed)         3.572     6.325    u_duration_timer_n_1
    SLICE_X82Y78         FDCE                                         f  clk_div_reg[20]/CLR
  -------------------------------------------------------------------    -------------------

Slack:                    inf
  Source:                 rst_n
                            (input port)
  Destination:            clk_div_reg[21]/CLR
  Path Group:             (none)
  Path Type:              Max at Slow Process Corner
  Data Path Delay:        6.325ns  (logic 1.606ns (25.393%)  route 4.719ns (74.607%))
  Logic Levels:           2  (IBUF=1 LUT1=1)

    Location             Delay type                Incr(ns)  Path(ns)    Netlist Resource(s)
  -------------------------------------------------------------------    -------------------
    U8                                                0.000     0.000 r  rst_n (IN)
                         net (fo=0)                   0.000     0.000    rst_n
    U8                   IBUF (Prop_ibuf_I_O)         1.482     1.482 r  rst_n_IBUF_inst/O
                         net (fo=1, routed)           1.147     2.629    u_duration_timer/rst_n_IBUF
    SLICE_X89Y51         LUT1 (Prop_lut1_I0_O)        0.124     2.753 f  u_duration_timer/count_q[23]_i_3__0/O
                         net (fo=107, routed)         3.572     6.325    u_duration_timer_n_1
    SLICE_X82Y78         FDCE                                         f  clk_div_reg[21]/CLR
  -------------------------------------------------------------------    -------------------

Slack:                    inf
  Source:                 rst_n
                            (input port)
  Destination:            clk_div_reg[22]/CLR
  Path Group:             (none)
  Path Type:              Max at Slow Process Corner
  Data Path Delay:        6.325ns  (logic 1.606ns (25.393%)  route 4.719ns (74.607%))
  Logic Levels:           2  (IBUF=1 LUT1=1)

    Location             Delay type                Incr(ns)  Path(ns)    Netlist Resource(s)
  -------------------------------------------------------------------    -------------------
    U8                                                0.000     0.000 r  rst_n (IN)
                         net (fo=0)                   0.000     0.000    rst_n
    U8                   IBUF (Prop_ibuf_I_O)         1.482     1.482 r  rst_n_IBUF_inst/O
                         net (fo=1, routed)           1.147     2.629    u_duration_timer/rst_n_IBUF
    SLICE_X89Y51         LUT1 (Prop_lut1_I0_O)        0.124     2.753 f  u_duration_timer/count_q[23]_i_3__0/O
                         net (fo=107, routed)         3.572     6.325    u_duration_timer_n_1
    SLICE_X82Y78         FDCE                                         f  clk_div_reg[22]/CLR
  -------------------------------------------------------------------    -------------------

Slack:                    inf
  Source:                 rst_n
                            (input port)
  Destination:            clk_div_reg[13]/CLR
  Path Group:             (none)
  Path Type:              Max at Slow Process Corner
  Data Path Delay:        6.183ns  (logic 1.606ns (25.976%)  route 4.577ns (74.024%))
  Logic Levels:           2  (IBUF=1 LUT1=1)

    Location             Delay type                Incr(ns)  Path(ns)    Netlist Resource(s)
  -------------------------------------------------------------------    -------------------
    U8                                                0.000     0.000 r  rst_n (IN)
                         net (fo=0)                   0.000     0.000    rst_n
    U8                   IBUF (Prop_ibuf_I_O)         1.482     1.482 r  rst_n_IBUF_inst/O
                         net (fo=1, routed)           1.147     2.629    u_duration_timer/rst_n_IBUF
    SLICE_X89Y51         LUT1 (Prop_lut1_I0_O)        0.124     2.753 f  u_duration_timer/count_q[23]_i_3__0/O
                         net (fo=107, routed)         3.430     6.183    u_duration_timer_n_1
    SLICE_X82Y77         FDCE                                         f  clk_div_reg[13]/CLR
  -------------------------------------------------------------------    -------------------





Min Delay Paths
--------------------------------------------------------------------------------------
Slack:                    inf
  Source:                 u_cmd_if/buf_q_reg[5]/C
                            (rising edge-triggered cell FDCE)
  Destination:            u_regs/cfg_brightness_reg[3]/D
  Path Group:             (none)
  Path Type:              Min at Fast Process Corner
  Data Path Delay:        0.187ns  (logic 0.128ns (68.352%)  route 0.059ns (31.648%))
  Logic Levels:           1  (FDCE=1)

    Location             Delay type                Incr(ns)  Path(ns)    Netlist Resource(s)
  -------------------------------------------------------------------    -------------------
    SLICE_X89Y68         FDCE                         0.000     0.000 r  u_cmd_if/buf_q_reg[5]/C
    SLICE_X89Y68         FDCE (Prop_fdce_C_Q)         0.128     0.128 r  u_cmd_if/buf_q_reg[5]/Q
                         net (fo=1, routed)           0.059     0.187    u_regs/cfg_mode_reg[1]_2[5]
    SLICE_X88Y68         FDPE                                         r  u_regs/cfg_brightness_reg[3]/D
  -------------------------------------------------------------------    -------------------

Slack:                    inf
  Source:                 u_cmd_if/buf_q_reg[7]/C
                            (rising edge-triggered cell FDCE)
  Destination:            u_regs/cfg_mode_reg[1]/D
  Path Group:             (none)
  Path Type:              Min at Fast Process Corner
  Data Path Delay:        0.251ns  (logic 0.141ns (56.174%)  route 0.110ns (43.826%))
  Logic Levels:           1  (FDCE=1)

    Location             Delay type                Incr(ns)  Path(ns)    Netlist Resource(s)
  -------------------------------------------------------------------    -------------------
    SLICE_X89Y71         FDCE                         0.000     0.000 r  u_cmd_if/buf_q_reg[7]/C
    SLICE_X89Y71         FDCE (Prop_fdce_C_Q)         0.141     0.141 r  u_cmd_if/buf_q_reg[7]/Q
                         net (fo=1, routed)           0.110     0.251    u_regs/cfg_mode_reg[1]_2[7]
    SLICE_X89Y70         FDCE                                         r  u_regs/cfg_mode_reg[1]/D
  -------------------------------------------------------------------    -------------------

Slack:                    inf
  Source:                 u_cmd_if/buf_q_reg[4]/C
                            (rising edge-triggered cell FDCE)
  Destination:            u_regs/cfg_brightness_reg[2]/D
  Path Group:             (none)
  Path Type:              Min at Fast Process Corner
  Data Path Delay:        0.257ns  (logic 0.141ns (54.828%)  route 0.116ns (45.172%))
  Logic Levels:           1  (FDCE=1)

    Location             Delay type                Incr(ns)  Path(ns)    Netlist Resource(s)
  -------------------------------------------------------------------    -------------------
    SLICE_X89Y68         FDCE                         0.000     0.000 r  u_cmd_if/buf_q_reg[4]/C
    SLICE_X89Y68         FDCE (Prop_fdce_C_Q)         0.141     0.141 r  u_cmd_if/buf_q_reg[4]/Q
                         net (fo=1, routed)           0.116     0.257    u_regs/cfg_mode_reg[1]_2[4]
    SLICE_X88Y68         FDPE                                         r  u_regs/cfg_brightness_reg[2]/D
  -------------------------------------------------------------------    -------------------

Slack:                    inf
  Source:                 u_cmd_if/buf_q_reg[1]/C
                            (rising edge-triggered cell FDCE)
  Destination:            u_regs/cfg_time_reg[1]/D
  Path Group:             (none)
  Path Type:              Min at Fast Process Corner
  Data Path Delay:        0.294ns  (logic 0.141ns (47.936%)  route 0.153ns (52.064%))
  Logic Levels:           1  (FDCE=1)

    Location             Delay type                Incr(ns)  Path(ns)    Netlist Resource(s)
  -------------------------------------------------------------------    -------------------
    SLICE_X89Y68         FDCE                         0.000     0.000 r  u_cmd_if/buf_q_reg[1]/C
    SLICE_X89Y68         FDCE (Prop_fdce_C_Q)         0.141     0.141 r  u_cmd_if/buf_q_reg[1]/Q
                         net (fo=1, routed)           0.153     0.294    u_regs/cfg_mode_reg[1]_2[1]
    SLICE_X87Y68         FDCE                                         r  u_regs/cfg_time_reg[1]/D
  -------------------------------------------------------------------    -------------------

Slack:                    inf
  Source:                 u_out/u_pwm/ctr_q_reg[0]/C
                            (rising edge-triggered cell FDCE)
  Destination:            u_out/u_pwm/ctr_q_reg[2]/D
  Path Group:             (none)
  Path Type:              Min at Fast Process Corner
  Data Path Delay:        0.306ns  (logic 0.186ns (60.702%)  route 0.120ns (39.298%))
  Logic Levels:           2  (FDCE=1 LUT6=1)

    Location             Delay type                Incr(ns)  Path(ns)    Netlist Resource(s)
  -------------------------------------------------------------------    -------------------
    SLICE_X89Y67         FDCE                         0.000     0.000 r  u_out/u_pwm/ctr_q_reg[0]/C
    SLICE_X89Y67         FDCE (Prop_fdce_C_Q)         0.141     0.141 r  u_out/u_pwm/ctr_q_reg[0]/Q
                         net (fo=5, routed)           0.120     0.261    u_out/u_pwm/Q[0]
    SLICE_X88Y67         LUT6 (Prop_lut6_I1_O)        0.045     0.306 r  u_out/u_pwm/ctr_q[2]_i_1/O
                         net (fo=1, routed)           0.000     0.306    u_out/u_pwm/p_0_in[2]
    SLICE_X88Y67         FDCE                                         r  u_out/u_pwm/ctr_q_reg[2]/D
  -------------------------------------------------------------------    -------------------

Slack:                    inf
  Source:                 u_out/u_pwm/ctr_q_reg[0]/C
                            (rising edge-triggered cell FDCE)
  Destination:            u_out/u_pwm/ctr_q_reg[3]/D
  Path Group:             (none)
  Path Type:              Min at Fast Process Corner
  Data Path Delay:        0.310ns  (logic 0.186ns (59.920%)  route 0.124ns (40.080%))
  Logic Levels:           2  (FDCE=1 LUT6=1)

    Location             Delay type                Incr(ns)  Path(ns)    Netlist Resource(s)
  -------------------------------------------------------------------    -------------------
    SLICE_X89Y67         FDCE                         0.000     0.000 r  u_out/u_pwm/ctr_q_reg[0]/C
    SLICE_X89Y67         FDCE (Prop_fdce_C_Q)         0.141     0.141 r  u_out/u_pwm/ctr_q_reg[0]/Q
                         net (fo=5, routed)           0.124     0.265    u_out/u_pwm/Q[0]
    SLICE_X88Y67         LUT6 (Prop_lut6_I1_O)        0.045     0.310 r  u_out/u_pwm/ctr_q[3]_i_1/O
                         net (fo=1, routed)           0.000     0.310    u_out/u_pwm/p_0_in[3]
    SLICE_X88Y67         FDCE                                         r  u_out/u_pwm/ctr_q_reg[3]/D
  -------------------------------------------------------------------    -------------------

Slack:                    inf
  Source:                 u_fsm/FSM_onehot_state_q_reg[2]/C
                            (rising edge-triggered cell FDCE)
  Destination:            u_fsm/FSM_onehot_state_q_reg[0]/D
  Path Group:             (none)
  Path Type:              Min at Fast Process Corner
  Data Path Delay:        0.330ns  (logic 0.186ns (56.294%)  route 0.144ns (43.706%))
  Logic Levels:           2  (FDCE=1 LUT6=1)

    Location             Delay type                Incr(ns)  Path(ns)    Netlist Resource(s)
  -------------------------------------------------------------------    -------------------
    SLICE_X87Y69         FDCE                         0.000     0.000 r  u_fsm/FSM_onehot_state_q_reg[2]/C
    SLICE_X87Y69         FDCE (Prop_fdce_C_Q)         0.141     0.141 r  u_fsm/FSM_onehot_state_q_reg[2]/Q
                         net (fo=8, routed)           0.144     0.285    u_fsm/FSM_onehot_state_q_reg_n_0_[2]
    SLICE_X86Y69         LUT6 (Prop_lut6_I2_O)        0.045     0.330 r  u_fsm/FSM_onehot_state_q[0]_i_1/O
                         net (fo=1, routed)           0.000     0.330    u_fsm/FSM_onehot_state_q[0]_i_1_n_0
    SLICE_X86Y69         FDPE                                         r  u_fsm/FSM_onehot_state_q_reg[0]/D
  -------------------------------------------------------------------    -------------------

Slack:                    inf
  Source:                 u_regs/cfg_time_reg[1]/C
                            (rising edge-triggered cell FDCE)
  Destination:            u_duration_timer/count_q_reg[0]/D
  Path Group:             (none)
  Path Type:              Min at Fast Process Corner
  Data Path Delay:        0.338ns  (logic 0.186ns (55.090%)  route 0.152ns (44.910%))
  Logic Levels:           2  (FDCE=1 LUT6=1)

    Location             Delay type                Incr(ns)  Path(ns)    Netlist Resource(s)
  -------------------------------------------------------------------    -------------------
    SLICE_X87Y68         FDCE                         0.000     0.000 r  u_regs/cfg_time_reg[1]/C
    SLICE_X87Y68         FDCE (Prop_fdce_C_Q)         0.141     0.141 r  u_regs/cfg_time_reg[1]/Q
                         net (fo=2, routed)           0.152     0.293    u_regs/cfg_time[1]
    SLICE_X87Y70         LUT6 (Prop_lut6_I1_O)        0.045     0.338 r  u_regs/count_q[0]_i_1__0/O
                         net (fo=1, routed)           0.000     0.338    u_duration_timer/D[0]
    SLICE_X87Y70         FDCE                                         r  u_duration_timer/count_q_reg[0]/D
  -------------------------------------------------------------------    -------------------

Slack:                    inf
  Source:                 u_cmd_if/buf_q_reg[3]/C
                            (rising edge-triggered cell FDCE)
  Destination:            u_regs/cfg_brightness_reg[1]/D
  Path Group:             (none)
  Path Type:              Min at Fast Process Corner
  Data Path Delay:        0.339ns  (logic 0.141ns (41.591%)  route 0.198ns (58.409%))
  Logic Levels:           1  (FDCE=1)

    Location             Delay type                Incr(ns)  Path(ns)    Netlist Resource(s)
  -------------------------------------------------------------------    -------------------
    SLICE_X89Y68         FDCE                         0.000     0.000 r  u_cmd_if/buf_q_reg[3]/C
    SLICE_X89Y68         FDCE (Prop_fdce_C_Q)         0.141     0.141 r  u_cmd_if/buf_q_reg[3]/Q
                         net (fo=1, routed)           0.198     0.339    u_regs/cfg_mode_reg[1]_2[3]
    SLICE_X88Y68         FDPE                                         r  u_regs/cfg_brightness_reg[1]/D
  -------------------------------------------------------------------    -------------------

Slack:                    inf
  Source:                 u_fsm/FSM_onehot_state_q_reg[4]/C
                            (rising edge-triggered cell FDCE)
  Destination:            u_fsm/FSM_onehot_state_q_reg[3]/D
  Path Group:             (none)
  Path Type:              Min at Fast Process Corner
  Data Path Delay:        0.348ns  (logic 0.227ns (65.259%)  route 0.121ns (34.741%))
  Logic Levels:           2  (FDCE=1 LUT6=1)

    Location             Delay type                Incr(ns)  Path(ns)    Netlist Resource(s)
  -------------------------------------------------------------------    -------------------
    SLICE_X86Y69         FDCE                         0.000     0.000 r  u_fsm/FSM_onehot_state_q_reg[4]/C
    SLICE_X86Y69         FDCE (Prop_fdce_C_Q)         0.128     0.128 r  u_fsm/FSM_onehot_state_q_reg[4]/Q
                         net (fo=12, routed)          0.121     0.249    u_fsm/FSM_onehot_state_q_reg[4]_0[3]
    SLICE_X86Y69         LUT6 (Prop_lut6_I5_O)        0.099     0.348 r  u_fsm/FSM_onehot_state_q[3]_i_1/O
                         net (fo=1, routed)           0.000     0.348    u_fsm/FSM_onehot_state_q[3]_i_1_n_0
    SLICE_X86Y69         FDCE                                         r  u_fsm/FSM_onehot_state_q_reg[3]/D
  -------------------------------------------------------------------    -------------------





